<?xml version="1.0" encoding="UTF-8"?>
<!-- Generated by org.testng.reporters.JUnitReportReporter -->
<testsuite skipped="0" hostname="JHANSI-PC" name="com.org.maventest.selenium.MavenTest" tests="4" failures="0" timestamp="21 Oct 2018 13:04:04 GMT" time="16.508" errors="0">
  <testcase name="browser" time="9.250" classname="com.org.maventest.selenium.MavenTest"/>
  <testcase name="image" time="1.065" classname="com.org.maventest.selenium.MavenTest"/>
  <testcase name="selection" time="4.832" classname="com.org.maventest.selenium.MavenTest"/>
  <testcase name="scroll" time="1.361" classname="com.org.maventest.selenium.MavenTest"/>
</testsuite> <!-- com.org.maventest.selenium.MavenTest -->
